Determining if the function sync_file_range exists failed with the following output:
Change Dir: /Users/pengzhenzhen/Desktop/majorlu/github/Hadoop_code/hadoop-2.7.2-src/hadoop-common-project/hadoop-common/target/native/CMakeFiles/CMakeTmp

Run Build Command(s):/usr/bin/make cmTC_f2f1e/fast 
/Applications/Xcode.app/Contents/Developer/usr/bin/make -f CMakeFiles/cmTC_f2f1e.dir/build.make CMakeFiles/cmTC_f2f1e.dir/build
Building C object CMakeFiles/cmTC_f2f1e.dir/CheckFunctionExists.c.o
/Applications/Xcode.app/Contents/Developer/Toolchains/XcodeDefault.xctoolchain/usr/bin/cc   -g -Wall -O2 -D_REENTRANT -D_GNU_SOURCE -D_LARGEFILE_SOURCE -D_FILE_OFFSET_BITS=64 -DCHECK_FUNCTION_EXISTS=sync_file_range   -o CMakeFiles/cmTC_f2f1e.dir/CheckFunctionExists.c.o   -c /usr/local/Cellar/cmake/3.14.3/share/cmake/Modules/CheckFunctionExists.c
Linking C executable cmTC_f2f1e
/usr/local/Cellar/cmake/3.14.3/bin/cmake -E cmake_link_script CMakeFiles/cmTC_f2f1e.dir/link.txt --verbose=1
/Applications/Xcode.app/Contents/Developer/Toolchains/XcodeDefault.xctoolchain/usr/bin/cc  -g -Wall -O2 -D_REENTRANT -D_GNU_SOURCE -D_LARGEFILE_SOURCE -D_FILE_OFFSET_BITS=64 -DCHECK_FUNCTION_EXISTS=sync_file_range -Wl,-search_paths_first -Wl,-headerpad_max_install_names   CMakeFiles/cmTC_f2f1e.dir/CheckFunctionExists.c.o  -o cmTC_f2f1e 
Undefined symbols for architecture x86_64:
  "_sync_file_range", referenced from:
      _main in CheckFunctionExists.c.o
ld: symbol(s) not found for architecture x86_64
clang: error: linker command failed with exit code 1 (use -v to see invocation)
make[1]: *** [cmTC_f2f1e] Error 1
make: *** [cmTC_f2f1e/fast] Error 2


Determining if the function posix_fadvise exists failed with the following output:
Change Dir: /Users/pengzhenzhen/Desktop/majorlu/github/Hadoop_code/hadoop-2.7.2-src/hadoop-common-project/hadoop-common/target/native/CMakeFiles/CMakeTmp

Run Build Command(s):/usr/bin/make cmTC_cac32/fast 
/Applications/Xcode.app/Contents/Developer/usr/bin/make -f CMakeFiles/cmTC_cac32.dir/build.make CMakeFiles/cmTC_cac32.dir/build
Building C object CMakeFiles/cmTC_cac32.dir/CheckFunctionExists.c.o
/Applications/Xcode.app/Contents/Developer/Toolchains/XcodeDefault.xctoolchain/usr/bin/cc   -g -Wall -O2 -D_REENTRANT -D_GNU_SOURCE -D_LARGEFILE_SOURCE -D_FILE_OFFSET_BITS=64 -DCHECK_FUNCTION_EXISTS=posix_fadvise   -o CMakeFiles/cmTC_cac32.dir/CheckFunctionExists.c.o   -c /usr/local/Cellar/cmake/3.14.3/share/cmake/Modules/CheckFunctionExists.c
Linking C executable cmTC_cac32
/usr/local/Cellar/cmake/3.14.3/bin/cmake -E cmake_link_script CMakeFiles/cmTC_cac32.dir/link.txt --verbose=1
/Applications/Xcode.app/Contents/Developer/Toolchains/XcodeDefault.xctoolchain/usr/bin/cc  -g -Wall -O2 -D_REENTRANT -D_GNU_SOURCE -D_LARGEFILE_SOURCE -D_FILE_OFFSET_BITS=64 -DCHECK_FUNCTION_EXISTS=posix_fadvise -Wl,-search_paths_first -Wl,-headerpad_max_install_names   CMakeFiles/cmTC_cac32.dir/CheckFunctionExists.c.o  -o cmTC_cac32 
Undefined symbols for architecture x86_64:
  "_posix_fadvise", referenced from:
      _main in CheckFunctionExists.c.o
ld: symbol(s) not found for architecture x86_64
clang: error: linker command failed with exit code 1 (use -v to see invocation)
make[1]: *** [cmTC_cac32] Error 1
make: *** [cmTC_cac32/fast] Error 2


